0 info it worked if it ends with ok
1 verbose cli [ '/usr/local/bin/node',
1 verbose cli   '/Users/alexandre/.node/bin/npm',
1 verbose cli   'run',
1 verbose cli   'start' ]
2 info using npm@3.5.0
3 info using node@v4.2.2
4 verbose run-script [ 'prestart', 'start', 'poststart' ]
5 info lifecycle react-leaflet@0.9.0~prestart: react-leaflet@0.9.0
6 silly lifecycle react-leaflet@0.9.0~prestart: no script for prestart, continuing
7 info lifecycle react-leaflet@0.9.0~start: react-leaflet@0.9.0
8 verbose lifecycle react-leaflet@0.9.0~start: unsafe-perm in lifecycle true
9 verbose lifecycle react-leaflet@0.9.0~start: PATH: /Users/alexandre/.node/lib/node_modules/npm/bin/node-gyp-bin:/Users/alexandre/Documents/developpement/react/react-leaflet/node_modules/.bin:/Users/alexandre/.node/bin:/usr/local/bin:/usr/bin:/bin:/usr/sbin:/sbin:/opt/X11/bin
10 verbose lifecycle react-leaflet@0.9.0~start: CWD: /Users/alexandre/Documents/developpement/react/react-leaflet
11 silly lifecycle react-leaflet@0.9.0~start: Args: [ '-c', 'npm run lint && npm run test && npm run build' ]
12 silly lifecycle react-leaflet@0.9.0~start: Returned: code: 1  signal: null
13 info lifecycle react-leaflet@0.9.0~start: Failed to exec start script
14 verbose stack Error: react-leaflet@0.9.0 start: `npm run lint && npm run test && npm run build`
14 verbose stack Exit status 1
14 verbose stack     at EventEmitter.<anonymous> (/Users/alexandre/.node/lib/node_modules/npm/lib/utils/lifecycle.js:232:16)
14 verbose stack     at emitTwo (events.js:87:13)
14 verbose stack     at EventEmitter.emit (events.js:172:7)
14 verbose stack     at ChildProcess.<anonymous> (/Users/alexandre/.node/lib/node_modules/npm/lib/utils/spawn.js:24:14)
14 verbose stack     at emitTwo (events.js:87:13)
14 verbose stack     at ChildProcess.emit (events.js:172:7)
14 verbose stack     at maybeClose (internal/child_process.js:818:16)
14 verbose stack     at Process.ChildProcess._handle.onexit (internal/child_process.js:211:5)
15 verbose pkgid react-leaflet@0.9.0
16 verbose cwd /Users/alexandre/Documents/developpement/react/react-leaflet
17 error Darwin 15.0.0
18 error argv "/usr/local/bin/node" "/Users/alexandre/.node/bin/npm" "run" "start"
19 error node v4.2.2
20 error npm  v3.5.0
21 error code ELIFECYCLE
22 error react-leaflet@0.9.0 start: `npm run lint && npm run test && npm run build`
22 error Exit status 1
23 error Failed at the react-leaflet@0.9.0 start script 'npm run lint && npm run test && npm run build'.
23 error Make sure you have the latest version of node.js and npm installed.
23 error If you do, this is most likely a problem with the react-leaflet package,
23 error not with npm itself.
23 error Tell the author that this fails on your system:
23 error     npm run lint && npm run test && npm run build
23 error You can get their info via:
23 error     npm owner ls react-leaflet
23 error There is likely additional logging output above.
24 verbose exit [ 1, true ]
